生成启动时间为 2016/12/23 22:16:52。
     1>项目“E:\Office\大三上\windows编程\myExperiment\MyGobang\MyGobang\MyGobang.vcxproj”在节点 2 上(Build 个目标)。
     1>ClCompile:
         G:\VS2013\VC\bin\CL.exe /c /ZI /nologo /W3 /WX- /sdl /Od /Oy- /D WIN32 /D _WINDOWS /D _DEBUG /D _UNICODE /D UNICODE /D _AFXDLL /Gm /EHsc /RTC1 /MDd /GS /fp:precise /Zc:wchar_t /Zc:forScope /Yu"stdafx.h" /Fp"Debug\MyGobang.pch" /Fo"Debug\\" /Fd"Debug\vc120.pdb" /Gd /TP /analyze- /errorReport:prompt MyGobang.cpp MyGobangDoc.cpp MyGobangView.cpp
         MyGobangView.cpp
         MyGobangDoc.cpp
         正在生成代码...
         正在跳过...(未检测到相关更改)
         MyGobang.cpp
       Link:
         G:\VS2013\VC\bin\link.exe /ERRORREPORT:PROMPT /OUT:"E:\Office\大三上\windows编程\myExperiment\MyGobang\Debug\MyGobang.exe" /INCREMENTAL /NOLOGO /MANIFEST /MANIFESTUAC:"level='asInvoker' uiAccess='false'" /manifest:embed /manifestinput:G:\VS2013\VC\Include\Manifest\dpiaware.manifest /DEBUG /PDB:"E:\Office\大三上\windows编程\myExperiment\MyGobang\Debug\MyGobang.pdb" /SUBSYSTEM:WINDOWS /TLBID:1 /ENTRY:"wWinMainCRTStartup" /DYNAMICBASE /NXCOMPAT /IMPLIB:"E:\Office\大三上\windows编程\myExperiment\MyGobang\Debug\MyGobang.lib" /MACHINE:X86 Debug\MyGobang.res
         Debug\ClassView.obj
         Debug\FileView.obj
         Debug\MainFrm.obj
         Debug\MyGobang.obj
         Debug\MyGobangDoc.obj
         Debug\MyGobangView.obj
         Debug\OutputWnd.obj
         Debug\PropertiesWnd.obj
         Debug\stdafx.obj
         Debug\ViewTree.obj
         MyGobang.vcxproj -> E:\Office\大三上\windows编程\myExperiment\MyGobang\Debug\MyGobang.exe
     1>已完成生成项目“E:\Office\大三上\windows编程\myExperiment\MyGobang\MyGobang\MyGobang.vcxproj”(Build 个目标)的操作。

生成成功。

已用时间 00:00:31.70
